07/10/2021 10:43:05 AM - INFO - Got the updated copy of:SRD054_Ideas_Inputs.xlsx
07/10/2021 10:47:24 AM - INFO - Got the updated copy of:SRD096_Reports_old.docx
07/10/2021 10:47:25 AM - INFO - Created the directory:D:\G5_Orion\SRD_Documents\SRD096 Reports\3_ReviewProtocol
07/10/2021 10:47:25 AM - INFO - Got the updated copy of:SRD0xx_Ideas_Inputs.xlsx
07/10/2021 10:47:25 AM - INFO - Created the directory:D:\G5_Orion\SRD_Documents\SRD096 Reports\1_Drafts
07/10/2021 10:47:25 AM - INFO - Created the directory:D:\G5_Orion\SRD_Documents\SRD096 Reports\2_FeedbackProtocol
07/10/2021 10:47:26 AM - INFO - Created the directory:D:\G5_Orion\SRD_Documents\SRD096 Reports\AdditionalFiles
07/10/2021 10:47:26 AM - INFO - Got the updated copy of:Input UVVIS printing.docx
07/10/2021 10:47:26 AM - INFO - Got the updated copy of:SRD Overview for Printing and Reports.xlsx
07/10/2021 10:47:26 AM - INFO - Got the updated copy of:Printer overview.pptx
07/10/2021 10:47:28 AM - INFO - Got the updated copy of:Printer_Overview.xlsx
07/10/2021 10:47:28 AM - INFO - Got the updated copy of:Inputs for Printing and Reports from DERE.docx
07/10/2021 10:47:29 AM - INFO - Got the updated copy of:~$SRD Overview for Printing and Reports.xlsx
07/10/2021 10:47:29 AM - INFO - Got the updated copy of:~$Printer_Overview.xlsx
07/10/2021 10:47:29 AM - INFO - Got the updated copy of:~$nG Print and Report Inputs.xlsx
07/10/2021 10:47:29 AM - INFO - Got the updated copy of:Requirements Clarification for Printing and Report Input by NM.docx
07/10/2021 10:47:30 AM - INFO - Got the updated copy of:nG Print and Report Inputs.xlsx
07/10/2021 10:47:30 AM - INFO - Created the directory:D:\G5_Orion\SRD_Documents\SRD096 Reports\4_Released
07/20/2021 12:26:43 PM - INFO - Got the updated copy of:SRD002_ListOfUserMessages_V0.02.xlsm
07/20/2021 12:27:08 PM - INFO - Got the updated copy of:SRD022_Operations.docx
07/20/2021 12:27:13 PM - INFO - Got the updated copy of:SRD031_MethodEditor.docx
07/20/2021 12:27:30 PM - INFO - Got the updated copy of:RP_IdentifiableResources_Visio.vsd
07/20/2021 12:27:41 PM - INFO - Got the updated copy of:SRD050_Resources_Rules.docx
07/28/2021 10:01:38 AM - INFO - Got the updated copy of:SRD002_ListOfUserMessages_V0.02.xlsm
07/28/2021 10:01:39 AM - INFO - Got the updated copy of:SRD002_ListOfUserMessages_V0.02.xlsm
07/28/2021 10:01:49 AM - INFO - Got the updated copy of:SRD011_MenuItemNavigation.docx
07/28/2021 10:01:54 AM - INFO - Got the updated copy of:SRD014_Tasks_and_Tasklists.docx
07/28/2021 10:02:08 AM - INFO - Got the updated copy of:SRD021_Actions.docx
07/28/2021 10:02:15 AM - INFO - Got the updated copy of:SRD032_MethodExecution.docx
07/28/2021 10:02:18 AM - INFO - Got the updated copy of:SRD033_MethodFunctions.docx
07/28/2021 10:02:20 AM - INFO - Got the updated copy of:SRD033_MethodFunctions_V0.02_Review_Protocol_2.docx
07/28/2021 10:02:20 AM - INFO - Got the updated copy of:SRD033_MethodFunctions_V0.02_Comments_2.docx
07/28/2021 10:02:34 AM - INFO - Got the updated copy of:RP_AT_IdenttifiableResources_TitrantReagent_Visio.vsd
07/28/2021 10:02:38 AM - INFO - Got the updated copy of:AT_CP_MP_PP_Decisions.pptx
07/28/2021 10:02:40 AM - INFO - Got the updated copy of:Requirements.docx
07/28/2021 10:02:41 AM - INFO - Got the updated copy of:TitrantAuditTrail_backup.vsd
07/28/2021 10:02:43 AM - INFO - Got the updated copy of:TitrantAuditTrail.vsd
07/28/2021 10:02:45 AM - INFO - Got the updated copy of:ResourceManagement_SRDStructure.docx
07/28/2021 10:02:46 AM - INFO - Got the updated copy of:MountingConnectingProcesses_Visio.vsd
07/28/2021 10:02:55 AM - INFO - Got the updated copy of:SRD050_Resources_Rules.docx
07/28/2021 10:02:57 AM - INFO - Got the updated copy of:SRD051_SetupSensors_V0.01_ReviewProtocol.docx
07/28/2021 10:03:00 AM - INFO - Got the updated copy of:SRD051_SetupSensors_V0.02_Released.docx
07/28/2021 10:03:01 AM - INFO - Got the updated copy of:SRD051_SetupSensors.docx
07/28/2021 10:03:17 AM - INFO - Got the updated copy of:UC12_SetupStandards_G4-G5.docx
07/28/2021 10:03:17 AM - INFO - Got the updated copy of:UC28_ListOfBlanks_G4-G5.docx
07/28/2021 10:03:23 AM - INFO - Got the updated copy of:Report_Volumeter.xml
07/28/2021 10:03:23 AM - INFO - Got the updated copy of:Report_Coulometer.xml
07/28/2021 10:03:23 AM - INFO - Got the updated copy of:Inputs TH for Reports and Results section.docx
07/28/2021 10:03:27 AM - INFO - Got the updated copy of:Calculations and Formulas.pptx
07/29/2021 09:44:38 AM - INFO - Got the updated copy of:SRD032_MethodExecution.docx
07/29/2021 09:44:41 AM - INFO - Got the updated copy of:SRD032_MethodExecution_V0.01_draft1.docx
07/29/2021 09:44:42 AM - INFO - Got the updated copy of:SRD032_MethodExecution_chs.docx
07/29/2021 09:44:45 AM - INFO - Got the updated copy of:SRD033_MethodFunctions.docx
07/29/2021 09:44:48 AM - INFO - Got the updated copy of:SRD034 MethodSyntax_Visio2.vsd
07/29/2021 09:44:51 AM - INFO - Got the updated copy of:SRD034_MethodSyntax_V0.01_draft_6.docx
07/29/2021 09:44:55 AM - INFO - Got the updated copy of:SRD034_MethodSyntax.docx
08/02/2021 12:12:04 PM - INFO - Got the updated copy of:SRD016_RunningScreen_chs.docx
08/02/2021 12:12:08 PM - INFO - Got the updated copy of:~$RunningTaskControl_2.xlsx
08/02/2021 12:12:29 PM - INFO - Got the updated copy of:SRD032_MethodExecution_chs.docx
08/02/2021 12:12:46 PM - INFO - Got the updated copy of:SRD034_MethodSyntax_chs.docx
08/03/2021 04:31:07 PM - INFO - Got the updated copy of:SRD004_ExceptionHandling.docx
08/03/2021 04:31:09 PM - INFO - Got the updated copy of:SRD004_ErrorHandling_backup.docx
08/03/2021 04:31:21 PM - INFO - Got the updated copy of:SRD014_Tasks_and_Tasklists.docx
08/03/2021 04:31:26 PM - INFO - Got the updated copy of:SRD016_RunningScreen_backup.docx
08/03/2021 04:31:26 PM - INFO - Got the updated copy of:SRD016_RunningScreen.docx
08/03/2021 04:31:28 PM - INFO - Got the updated copy of:RunningTaskControl_2.xlsx
08/03/2021 04:31:30 PM - INFO - Got the updated copy of:~$RunningTaskControl_2.xlsx
08/03/2021 04:31:30 PM - INFO - Got the updated copy of:SRD016 RunningScreen_Visio1.vsd
08/03/2021 04:31:45 PM - INFO - Got the updated copy of:SRD032_MethodExecution_backup.docx
08/03/2021 04:31:47 PM - INFO - Got the updated copy of:SRD032_MethodExecution.docx
08/03/2021 04:31:52 PM - INFO - Got the updated copy of:SRD034_MethodSyntax.docx
08/03/2021 04:31:57 PM - INFO - Got the updated copy of:SRD034_MethodSyntax_backup.docx
08/04/2021 11:31:17 AM - INFO - Got the updated copy of:SRD004_ExceptionHandling.docx
08/04/2021 11:31:49 AM - INFO - Got the updated copy of:SRD016_RunningScreen.docx
08/04/2021 11:31:54 AM - INFO - Got the updated copy of:RunningTaskControl_2.xlsx
08/04/2021 11:32:04 AM - INFO - Got the updated copy of:SRD016 RunningScreen_Visio1.vsd
08/04/2021 11:32:22 AM - INFO - Got the updated copy of:SRD031_MethodEditor.docx
08/04/2021 11:32:40 AM - INFO - Got the updated copy of:SRD034_MethodSyntax.docx
08/31/2021 03:31:12 PM - INFO - Got the updated copy of:SRD004_ExceptionHandling.docx
08/31/2021 03:31:13 PM - INFO - Got the updated copy of:SRD004 List of Errors.xlsm
08/31/2021 03:31:21 PM - INFO - Got the updated copy of:SRD011_MenuItemNavigation.docx
08/31/2021 03:31:30 PM - INFO - Got the updated copy of:SRD016_RunningScreen.docx
08/31/2021 03:31:33 PM - INFO - Got the updated copy of:SRD016_RunningScreen_Contents.xlsm
08/31/2021 03:31:33 PM - INFO - Got the updated copy of:SRD016 RunningScreen_Visio1.vsd
08/31/2021 03:31:36 PM - INFO - Got the updated copy of:SRD017_Keyboards.docx
08/31/2021 03:31:47 PM - INFO - Got the updated copy of:SRD021_Actions.docx
08/31/2021 03:31:49 PM - INFO - Got the updated copy of:SRD022_Operations.docx
08/31/2021 03:31:57 PM - INFO - Got the updated copy of:SRD031_MethodEditor.docx
08/31/2021 03:32:04 PM - INFO - Got the updated copy of:SRD032_MethodExecution_backup1908.docx
08/31/2021 03:32:08 PM - INFO - Got the updated copy of:SRD032_MethodExecution_backup2008.docx
08/31/2021 03:32:13 PM - INFO - Got the updated copy of:SRD032_MethodExecution.docx
08/31/2021 03:32:18 PM - INFO - Got the updated copy of:SRD032_AllSequences_1.vsd
08/31/2021 03:32:26 PM - INFO - Got the updated copy of:SRD032_MethodExecution_backup_1808.docx
08/31/2021 03:32:29 PM - INFO - Got the updated copy of:SRD033_MethodFunctions.docx
08/31/2021 03:32:30 PM - INFO - Got the updated copy of:SRD033_MethodFunctions_V.0.2_Review_Protocol_Comments_2.docx
08/31/2021 03:32:33 PM - INFO - Got the updated copy of:SRD034_MethodSyntax.docx
08/31/2021 03:32:54 PM - INFO - Got the updated copy of:RP_AT_IdenttifiableResources_TitrantReagent_Visio_1.vsd
08/31/2021 03:33:00 PM - INFO - Got the updated copy of:RP_AT_IdenttifiableResources_TitrantReagent_Visio_2.vsd
08/31/2021 03:33:09 PM - INFO - Got the updated copy of:Requirements.docx
08/31/2021 03:33:09 PM - INFO - Got the updated copy of:ReagentAssignment.pptx
08/31/2021 03:33:11 PM - INFO - Got the updated copy of:ResourceMmgt_Overview_and_IdentifiableResources.pptx
08/31/2021 03:33:15 PM - INFO - Got the updated copy of:G5Resources.docx
08/31/2021 03:33:16 PM - INFO - Got the updated copy of:ResourceMmgt_UnidentifiableResouources_technicalInputs.pptx
08/31/2021 03:33:18 PM - INFO - Got the updated copy of:ResourceManagement_SRDStructure.docx
08/31/2021 03:33:18 PM - INFO - Got the updated copy of:RP_AT_IdenttifiableResources_TitrantReagent_Visio.vsd
08/31/2021 03:33:23 PM - INFO - Got the updated copy of:SRD050_Resources_Rules_NewApproach.docx
08/31/2021 03:33:43 PM - INFO - Got the updated copy of:SRD074_TI_SetupReagents.docx
09/03/2021 11:54:30 AM - INFO - Got the updated copy of:SRD004_ErrorHandling_backup.docx
09/03/2021 11:54:46 AM - INFO - Got the updated copy of:SRD016_RunningScreen.docx
09/03/2021 11:54:48 AM - INFO - Got the updated copy of:SRD016_RunningScreen_backup.docx
09/03/2021 11:54:49 AM - INFO - Got the updated copy of:SRD016_RunningScreen_Contents.xlsm
09/03/2021 11:55:01 AM - INFO - Got the updated copy of:SRD031_MethodEditor.docx
09/03/2021 11:55:05 AM - INFO - Got the updated copy of:SRD032_MethodExecution_backup.docx
09/03/2021 11:55:07 AM - INFO - Got the updated copy of:SRD032_MethodExecution_backup1908.docx
09/03/2021 11:55:11 AM - INFO - Got the updated copy of:SRD032_MethodExecution_backup2008.docx
09/03/2021 11:55:13 AM - INFO - Got the updated copy of:SRD032_MethodExecution_backup_1808.docx
09/03/2021 11:55:17 AM - INFO - Got the updated copy of:SRD032_MethodExecution.docx
09/03/2021 11:55:22 AM - INFO - Got the updated copy of:SRD034_MethodSyntax.docx
09/03/2021 11:55:27 AM - INFO - Got the updated copy of:SRD034_MethodSyntax_backup.docx
09/03/2021 11:55:39 AM - INFO - Got the updated copy of:RP_AT_IdenttifiableResources_TitrantReagent_Visio_2.vsd
09/03/2021 11:55:48 AM - INFO - Got the updated copy of:SRD050_Resources_Rules_NewApproach.docx
09/13/2021 10:02:22 AM - INFO - Got the updated copy of:SRD002_ListOfUserMessages_V0.02.xlsm
09/13/2021 10:02:24 AM - INFO - Got the updated copy of:SRD004_ExceptionHandling.docx
09/13/2021 10:02:39 AM - INFO - Got the updated copy of:SRD016_RunningScreen.docx
09/13/2021 10:02:42 AM - INFO - Got the updated copy of:SRD016_RunningScreen_Contents.xlsm
09/13/2021 10:02:44 AM - INFO - Got the updated copy of:SRD017_Keyboards_backup.docx
09/13/2021 10:02:51 AM - INFO - Got the updated copy of:SRD017_Keyboards.docx
09/13/2021 10:02:57 AM - INFO - Got the updated copy of:SampleSizeKeyboard.docx
09/13/2021 10:02:57 AM - INFO - Created the directory:D:\G5_Orion\SRD_Documents\SRD017 Keyboards\AdditionalFiles\screenshots for keyboards
09/13/2021 10:02:58 AM - INFO - Got the updated copy of:SRD 3.1 floating.png
09/13/2021 10:02:59 AM - INFO - Got the updated copy of:SRD 3.2 alphanum letters.png
09/13/2021 10:02:59 AM - INFO - Got the updated copy of:SRD 3 decimal copy paste.png
09/13/2021 10:03:00 AM - INFO - Got the updated copy of:buttons ok cancel.png
09/13/2021 10:03:01 AM - INFO - Got the updated copy of:buttons for keyboards.png
09/13/2021 10:03:01 AM - INFO - Got the updated copy of:SRD 3 alphanumeric numbers.png
09/13/2021 10:03:03 AM - INFO - Got the updated copy of:SRD 3 switch sample.png
09/13/2021 10:03:03 AM - INFO - Got the updated copy of:SRD 3.2 switch keyboard.png
09/13/2021 10:03:06 AM - INFO - Got the updated copy of:Original formula numbers.png
09/13/2021 10:03:06 AM - INFO - Got the updated copy of:SRD 3.2 floating keyboard.png
09/13/2021 10:03:08 AM - INFO - Got the updated copy of:SRD 3.1 Formula toggle.png
09/13/2021 10:03:09 AM - INFO - Got the updated copy of:SRD 3.1 Formula.png
09/13/2021 10:03:10 AM - INFO - Got the updated copy of:cursor button.png
09/13/2021 10:03:10 AM - INFO - Got the updated copy of:Original integer.png
09/13/2021 10:03:10 AM - INFO - Got the updated copy of:SRD 3.1 numbers.png
09/13/2021 10:03:11 AM - INFO - Got the updated copy of:SRD 3.2 formula numbers.png
09/13/2021 10:03:12 AM - INFO - Got the updated copy of:buttons keyboards.png
09/13/2021 10:03:12 AM - INFO - Got the updated copy of:Original alphanumeric special characters.png
09/13/2021 10:03:13 AM - INFO - Got the updated copy of:SRD 3 formula toggle.png
09/13/2021 10:03:15 AM - INFO - Got the updated copy of:icon copy paste.png
09/13/2021 10:03:15 AM - INFO - Got the updated copy of:SRD 3.1 datetime.png
09/13/2021 10:03:16 AM - INFO - Got the updated copy of:SRD 3 switch letters.png
09/13/2021 10:03:17 AM - INFO - Got the updated copy of:SRD 3.2 alphanum numbers.png
09/13/2021 10:03:19 AM - INFO - Got the updated copy of:Original formula special characters.png
09/13/2021 10:03:19 AM - INFO - Got the updated copy of:SRD 3 integer toggle.png
09/13/2021 10:03:20 AM - INFO - Got the updated copy of:weights.png
09/13/2021 10:03:20 AM - INFO - Got the updated copy of:SRD 3.2 alphanum characters.png
09/13/2021 10:03:21 AM - INFO - Got the updated copy of:SRD 3.2 formula letters.png
09/13/2021 10:03:22 AM - INFO - Got the updated copy of:SRD 3.1 Test hell.png
09/13/2021 10:03:23 AM - INFO - Got the updated copy of:SRD 3.1 switch keyboard.png
09/13/2021 10:03:24 AM - INFO - Got the updated copy of:SRD 3.2 toggle integer.png
09/13/2021 10:03:25 AM - INFO - Got the updated copy of:Original alphanumeric numbers.png
09/13/2021 10:03:25 AM - INFO - Got the updated copy of:SRD 3.1 test dunkel.png
09/13/2021 10:03:26 AM - INFO - Got the updated copy of:SRD 3.1 letters.png
09/13/2021 10:03:28 AM - INFO - Got the updated copy of:buttons switch keyboard.png
09/13/2021 10:03:29 AM - INFO - Got the updated copy of:icon alphanumeric.png
09/13/2021 10:03:29 AM - INFO - Got the updated copy of:Original alphanumeric letters.png
09/13/2021 10:03:29 AM - INFO - Got the updated copy of:SRD 3.2 integer keyboard.png
09/13/2021 10:03:30 AM - INFO - Got the updated copy of:SRD 3.2 toggle formula.png
09/13/2021 10:03:31 AM - INFO - Got the updated copy of:SRD 3.1 weights keyboard.png
09/13/2021 10:03:32 AM - INFO - Got the updated copy of:SRD 3 Decimal.png
09/13/2021 10:03:32 AM - INFO - Got the updated copy of:buttons.png
09/13/2021 10:03:33 AM - INFO - Got the updated copy of:SRD 3 formula numbers.png
09/13/2021 10:03:33 AM - INFO - Got the updated copy of:buttons weight keyboard.png
09/13/2021 10:03:38 AM - INFO - Got the updated copy of:New Copy paste.png
09/13/2021 10:03:38 AM - INFO - Got the updated copy of:SRD 3 alphanumeric letters.png
09/13/2021 10:03:39 AM - INFO - Got the updated copy of:SRD 3.1 integer keyboard.png
09/13/2021 10:03:40 AM - INFO - Got the updated copy of:SampleSizePopup.png
09/13/2021 10:03:41 AM - INFO - Got the updated copy of:buttons formula.png
09/13/2021 10:03:41 AM - INFO - Got the updated copy of:Original formula letters.png
09/13/2021 10:03:42 AM - INFO - Got the updated copy of:buttons keyboards dunkel.png
09/13/2021 10:03:42 AM - INFO - Got the updated copy of:SRD 3 formula letters.png
09/13/2021 10:03:44 AM - INFO - Got the updated copy of:switch sample.png
09/13/2021 10:03:44 AM - INFO - Got the updated copy of:SRD 3.1 test nicolas.png
09/13/2021 10:03:46 AM - INFO - Got the updated copy of:SRD 3.1 integer toggle.png
09/13/2021 10:03:47 AM - INFO - Got the updated copy of:icon formula.png
09/13/2021 10:03:47 AM - INFO - Got the updated copy of:SRD 3 Integer.png
09/13/2021 10:03:48 AM - INFO - Got the updated copy of:Shift button.png
09/13/2021 10:03:48 AM - INFO - Got the updated copy of:SRD 3 alphanumeric special characters.png
09/13/2021 10:03:49 AM - INFO - Got the updated copy of:buttons alphanum.png
09/13/2021 10:03:50 AM - INFO - Got the updated copy of:icon numbers.png
09/13/2021 10:03:50 AM - INFO - Got the updated copy of:SRD 3 DateTime.png
09/13/2021 10:03:51 AM - INFO - Got the updated copy of:Original decimal.png
09/13/2021 10:03:51 AM - INFO - Got the updated copy of:SRD 3.2 weight keyboard.png
09/13/2021 10:03:52 AM - INFO - Got the updated copy of:SRD 3.1 special.png
09/13/2021 10:03:53 AM - INFO - Got the updated copy of:keyboard_layout.pptx
09/13/2021 10:04:05 AM - INFO - Got the updated copy of:LimitsExceeded_Decisions.pptx
09/13/2021 10:04:06 AM - INFO - Got the updated copy of:SRD031_MethodEditor.docx
09/13/2021 10:04:08 AM - INFO - Got the updated copy of:SRD031_MethodEditor_backup_08082021.docx
09/13/2021 10:04:10 AM - INFO - Got the updated copy of:SampleEntry.pptx
09/13/2021 10:04:12 AM - INFO - Got the updated copy of:Sample ID G5 vs LabX.pptx
09/13/2021 10:04:20 AM - INFO - Got the updated copy of:LimitsExceeded_Sample Size.pptx
09/13/2021 10:04:24 AM - INFO - Got the updated copy of:SRD032_MethodExecution.docx
09/13/2021 10:04:28 AM - INFO - Got the updated copy of:SRD033_MethodFunctions.docx
09/13/2021 10:04:31 AM - INFO - Got the updated copy of:SRD034_MethodSyntax.docx
09/13/2021 10:04:36 AM - INFO - Got the updated copy of:MFAddSample_Concept.pptx
09/13/2021 10:04:49 AM - INFO - Created the directory:D:\G5_Orion\SRD_Documents\SRD050 ResourcesRules\AdditionalFiles\RP - LCM Extensions\Temporary work
09/13/2021 10:04:49 AM - INFO - Got the updated copy of:Requirements.docx
09/13/2021 10:04:50 AM - INFO - Got the updated copy of:IdentResources_TitrantsReagents_new.docx
09/13/2021 10:04:51 AM - INFO - Got the updated copy of:G5Resources.docx
09/13/2021 10:04:51 AM - INFO - Got the updated copy of:ResourceManagement_SRDStructure.docx
09/13/2021 10:04:53 AM - INFO - Got the updated copy of:toignore_SRD050_Resources_Rules.docx
09/13/2021 10:04:56 AM - INFO - Got the updated copy of:SRD050_Resources_Rules_NewApproach.docx
09/13/2021 10:05:25 AM - INFO - Got the updated copy of:MF Calculation vs MF Result.xlsx
09/13/2021 10:05:25 AM - INFO - Got the updated copy of:Calculations and Formulas.pptx
09/13/2021 10:05:35 AM - INFO - Got the updated copy of:MF Result Parameters, key data.pptx
09/15/2021 12:21:49 PM - INFO - Got the updated copy of:SRD002_ListOfUserMessages_V0.02.xlsm
09/15/2021 12:21:50 PM - INFO - Got the updated copy of:SRD004_ExceptionHandling.docx
09/15/2021 12:22:07 PM - INFO - Got the updated copy of:SRD016_RunningScreen.docx
09/15/2021 12:22:09 PM - INFO - Got the updated copy of:SRD016_RunningScreen_backup14092011.docx
09/15/2021 12:22:12 PM - INFO - Got the updated copy of:RE Einschätzung Measured Values Table.msg
09/15/2021 12:22:20 PM - INFO - Got the updated copy of:SRD022_Operations.docx
09/15/2021 12:22:28 PM - INFO - Got the updated copy of:SRD032_MethodExecution_backup13092021.docx
09/15/2021 12:22:30 PM - INFO - Got the updated copy of:SRD032_MethodExecution.docx
09/15/2021 12:22:33 PM - INFO - Got the updated copy of:RE GT.msg
09/15/2021 12:22:33 PM - INFO - Got the updated copy of:SRD032_AllSequences_1.vsd
09/15/2021 12:22:37 PM - INFO - Got the updated copy of:SRD033_MethodFunctions.docx
09/15/2021 12:22:40 PM - INFO - Got the updated copy of:SRD034_MethodSyntax.docx
09/15/2021 12:22:43 PM - INFO - Got the updated copy of:SRD034_Overview_Sequences_StructuralElements.xlsx
09/15/2021 12:22:44 PM - INFO - Got the updated copy of:Overview_StructuralElements_and_Configurations.xlsx
09/15/2021 12:22:46 PM - INFO - Got the updated copy of:SRD034_MethodSyntax_backup.docx
09/15/2021 12:23:13 PM - INFO - Got the updated copy of:SRD057_TI_SetupBurettes.docx
09/15/2021 12:23:18 PM - INFO - Got the updated copy of:SRD059_TI_SetupKFCell.docx
09/20/2021 11:32:17 AM - INFO - Got the updated copy of:SRD002_ListOfUserMessages_V0.02.xlsm
09/20/2021 11:32:19 AM - INFO - Got the updated copy of:SRD004_ExceptionHandling.docx
09/20/2021 11:32:32 AM - INFO - Got the updated copy of:SRD014_Tasks_and_Tasklists.docx
10/07/2021 12:51:37 PM - INFO - Got the updated copy of:SRD002_ListOfUserMessages_V0.02.xlsm
